<?xml version="1.0" encoding="UTF-8"?>
<!-- Generated by org.testng.reporters.JUnitXMLReporter -->
<testsuite ignored="0" hostname="LAPTOP-TBFR03AS" failures="0" tests="5" name="Default test" time="1.646" errors="0" timestamp="2024-11-08T16:18:07 MYT">
  <testcase classname="Tests.RegisterUserAPITest" name="createUserTest" time="1.35"/>
  <testcase classname="Tests.DeleteEmployeeAPITest" name="DeleteEmployeeTest" time="0.12"/>
  <testcase classname="Tests.UpdateEmployeeAPITest" name="PostUpdateEmployeeTest" time="0.056"/>
  <testcase classname="Tests.CreateEmployeeAPITest" name="PostCreateEmployeeTest" time="0.049"/>
  <testcase classname="Tests.LoginAPITest" name="PostLoginTest" time="0.035"/>
</testsuite> <!-- Default test -->
